  Librairie.cpp
C:\Program Files (x86)\Microsoft Visual Studio\2019\Community\VC\Tools\MSVC\14.27.29110\include\xmemory(694,82): error C2280: 'std::unique_ptr<Image,std::default_delete<Image>>::unique_ptr(const std::unique_ptr<Image,std::default_delete<Image>> &)': attempting to reference a deleted function
C:\Program Files (x86)\Microsoft Visual Studio\2019\Community\VC\Tools\MSVC\14.27.29110\include\memory(2551): message : see declaration of 'std::unique_ptr<Image,std::default_delete<Image>>::unique_ptr'
C:\Program Files (x86)\Microsoft Visual Studio\2019\Community\VC\Tools\MSVC\14.27.29110\include\memory(2551,5): message : 'std::unique_ptr<Image,std::default_delete<Image>>::unique_ptr(const std::unique_ptr<Image,std::default_delete<Image>> &)': function was explicitly deleted
C:\Program Files (x86)\Microsoft Visual Studio\2019\Community\VC\Tools\MSVC\14.27.29110\include\vector(682): message : see reference to function template instantiation 'void std::_Default_allocator_traits<_Alloc>::construct<_Ty,const _Ty&>(_Alloc &,_Objty *const ,const _Ty &)' being compiled
          with
          [
              _Alloc=std::allocator<std::unique_ptr<Image,std::default_delete<Image>>>,
              _Ty=std::unique_ptr<Image,std::default_delete<Image>>,
              _Objty=std::unique_ptr<Image,std::default_delete<Image>>
          ]
C:\Program Files (x86)\Microsoft Visual Studio\2019\Community\VC\Tools\MSVC\14.27.29110\include\vector(687): message : see reference to function template instantiation 'void std::_Default_allocator_traits<_Alloc>::construct<_Ty,const _Ty&>(_Alloc &,_Objty *const ,const _Ty &)' being compiled
          with
          [
              _Alloc=std::allocator<std::unique_ptr<Image,std::default_delete<Image>>>,
              _Ty=std::unique_ptr<Image,std::default_delete<Image>>,
              _Objty=std::unique_ptr<Image,std::default_delete<Image>>
          ]
C:\Program Files (x86)\Microsoft Visual Studio\2019\Community\VC\Tools\MSVC\14.27.29110\include\vector(700): message : see reference to function template instantiation '_Ty &std::vector<_Ty,std::allocator<_Ty>>::_Emplace_back_with_unused_capacity<const _Ty&>(const _Ty &)' being compiled
          with
          [
              _Ty=std::unique_ptr<Image,std::default_delete<Image>>
          ]
C:\Program Files (x86)\Microsoft Visual Studio\2019\Community\VC\Tools\MSVC\14.27.29110\include\vector(717): message : see reference to function template instantiation '_Ty &std::vector<_Ty,std::allocator<_Ty>>::emplace_back<const _Ty&>(const _Ty &)' being compiled
          with
          [
              _Ty=std::unique_ptr<Image,std::default_delete<Image>>
          ]
C:\Program Files (x86)\Microsoft Visual Studio\2019\Community\VC\Tools\MSVC\14.27.29110\include\vector(716): message : while compiling class template member function 'void std::vector<std::unique_ptr<Image,std::default_delete<Image>>,std::allocator<std::unique_ptr<Image,std::default_delete<Image>>>>::push_back(const _Ty &)'
          with
          [
              _Ty=std::unique_ptr<Image,std::default_delete<Image>>
          ]
C:\Users\marie\OneDrive\Desktop\laboPOO\labo2\Librairie.cpp(54): message : see reference to function template instantiation 'void std::vector<std::unique_ptr<Image,std::default_delete<Image>>,std::allocator<std::unique_ptr<Image,std::default_delete<Image>>>>::push_back(const _Ty &)' being compiled
          with
          [
              _Ty=std::unique_ptr<Image,std::default_delete<Image>>
          ]
C:\Users\marie\OneDrive\Desktop\laboPOO\labo2\Librairie.h(47): message : see reference to class template instantiation 'std::vector<std::unique_ptr<Image,std::default_delete<Image>>,std::allocator<std::unique_ptr<Image,std::default_delete<Image>>>>' being compiled
